2026-04-04 11:29:57,139 - [INFO] - sqlalchemy.engine.Engine - select pg_catalog.version()
2026-04-04 11:29:57,139 - [INFO] - sqlalchemy.engine.Engine - [raw sql] ()
2026-04-04 11:29:57,142 - [INFO] - sqlalchemy.engine.Engine - select current_schema()
2026-04-04 11:29:57,142 - [INFO] - sqlalchemy.engine.Engine - [raw sql] ()
2026-04-04 11:29:57,144 - [INFO] - sqlalchemy.engine.Engine - show standard_conforming_strings
2026-04-04 11:29:57,144 - [INFO] - sqlalchemy.engine.Engine - [raw sql] ()
2026-04-04 11:29:57,146 - [INFO] - sqlalchemy.engine.Engine - BEGIN (implicit)
2026-04-04 11:29:57,153 - [INFO] - sqlalchemy.engine.Engine - SELECT pg_catalog.pg_class.relname 
FROM pg_catalog.pg_class JOIN pg_catalog.pg_namespace ON pg_catalog.pg_namespace.oid = pg_catalog.pg_class.relnamespace 
WHERE pg_catalog.pg_class.relname = $1::VARCHAR AND pg_catalog.pg_class.relkind = ANY (ARRAY[$2::VARCHAR, $3::VARCHAR, $4::VARCHAR, $5::VARCHAR, $6::VARCHAR]) AND pg_catalog.pg_table_is_visible(pg_catalog.pg_class.oid) AND pg_catalog.pg_namespace.nspname != $7::VARCHAR
2026-04-04 11:29:57,163 - [INFO] - sqlalchemy.engine.Engine - [generated in 0.00973s] ('books', 'r', 'p', 'f', 'v', 'm', 'pg_catalog')
2026-04-04 11:29:57,175 - [INFO] - sqlalchemy.engine.Engine - COMMIT
2026-04-04 11:31:27,990 - [INFO] - sqlalchemy.engine.Engine - BEGIN (implicit)
2026-04-04 11:31:28,002 - [INFO] - sqlalchemy.engine.Engine - SELECT books.id, books.title, books.author, books.year 
FROM books 
WHERE books.id = $1::INTEGER
2026-04-04 11:31:28,002 - [INFO] - sqlalchemy.engine.Engine - [generated in 0.00048s] (15,)
2026-04-04 11:31:28,006 - [WARNING] - api_logger - Користувач шукав книгу з ID 15, але її немає в базі!
2026-04-04 11:31:28,006 - [INFO] - sqlalchemy.engine.Engine - ROLLBACK
2026-04-08 12:18:24,747 - [INFO] - sqlalchemy.engine.Engine - select pg_catalog.version()
2026-04-08 12:18:24,747 - [INFO] - sqlalchemy.engine.Engine - [raw sql] ()
2026-04-08 12:18:24,771 - [INFO] - sqlalchemy.engine.Engine - select current_schema()
2026-04-08 12:18:24,771 - [INFO] - sqlalchemy.engine.Engine - [raw sql] ()
2026-04-08 12:18:24,775 - [INFO] - sqlalchemy.engine.Engine - show standard_conforming_strings
2026-04-08 12:18:24,775 - [INFO] - sqlalchemy.engine.Engine - [raw sql] ()
2026-04-08 12:18:24,777 - [INFO] - sqlalchemy.engine.Engine - BEGIN (implicit)
2026-04-08 12:18:24,782 - [INFO] - sqlalchemy.engine.Engine - SELECT pg_catalog.pg_class.relname 
FROM pg_catalog.pg_class JOIN pg_catalog.pg_namespace ON pg_catalog.pg_namespace.oid = pg_catalog.pg_class.relnamespace 
WHERE pg_catalog.pg_class.relname = $1::VARCHAR AND pg_catalog.pg_class.relkind = ANY (ARRAY[$2::VARCHAR, $3::VARCHAR, $4::VARCHAR, $5::VARCHAR, $6::VARCHAR]) AND pg_catalog.pg_table_is_visible(pg_catalog.pg_class.oid) AND pg_catalog.pg_namespace.nspname != $7::VARCHAR
2026-04-08 12:18:24,782 - [INFO] - sqlalchemy.engine.Engine - [generated in 0.00046s] ('books', 'r', 'p', 'f', 'v', 'm', 'pg_catalog')
2026-04-08 12:18:24,811 - [INFO] - sqlalchemy.engine.Engine - COMMIT
2026-04-08 12:28:58,428 - [INFO] - sqlalchemy.engine.Engine - BEGIN (implicit)
2026-04-08 12:28:58,434 - [INFO] - sqlalchemy.engine.Engine - INSERT INTO books (title, author, year) VALUES ($1::VARCHAR, $2::VARCHAR, $3::INTEGER) RETURNING books.id
2026-04-08 12:28:58,435 - [INFO] - sqlalchemy.engine.Engine - [generated in 0.00053s] ('Інтернат', 'Сергій Жадан', 2017)
2026-04-08 12:28:58,451 - [INFO] - sqlalchemy.engine.Engine - SELECT books.id, books.title, books.author, books.year 
FROM books 
WHERE books.id = $1::INTEGER
2026-04-08 12:28:58,451 - [INFO] - sqlalchemy.engine.Engine - [generated in 0.00053s] (4,)
2026-04-08 12:28:58,454 - [INFO] - sqlalchemy.engine.Engine - COMMIT
2026-04-13 10:40:23,512 - [INFO] - sqlalchemy.engine.Engine - select pg_catalog.version()
2026-04-13 10:40:23,513 - [INFO] - sqlalchemy.engine.Engine - [raw sql] ()
2026-04-13 10:40:23,533 - [INFO] - sqlalchemy.engine.Engine - select current_schema()
2026-04-13 10:40:23,534 - [INFO] - sqlalchemy.engine.Engine - [raw sql] ()
2026-04-13 10:40:23,537 - [INFO] - sqlalchemy.engine.Engine - show standard_conforming_strings
2026-04-13 10:40:23,538 - [INFO] - sqlalchemy.engine.Engine - [raw sql] ()
2026-04-13 10:40:23,540 - [INFO] - sqlalchemy.engine.Engine - BEGIN (implicit)
2026-04-13 10:40:23,549 - [INFO] - sqlalchemy.engine.Engine - SELECT pg_catalog.pg_class.relname 
FROM pg_catalog.pg_class JOIN pg_catalog.pg_namespace ON pg_catalog.pg_namespace.oid = pg_catalog.pg_class.relnamespace 
WHERE pg_catalog.pg_class.relname = $1::VARCHAR AND pg_catalog.pg_class.relkind = ANY (ARRAY[$2::VARCHAR, $3::VARCHAR, $4::VARCHAR, $5::VARCHAR, $6::VARCHAR]) AND pg_catalog.pg_table_is_visible(pg_catalog.pg_class.oid) AND pg_catalog.pg_namespace.nspname != $7::VARCHAR
2026-04-13 10:40:23,549 - [INFO] - sqlalchemy.engine.Engine - [generated in 0.00091s] ('books', 'r', 'p', 'f', 'v', 'm', 'pg_catalog')
2026-04-13 10:40:23,577 - [INFO] - sqlalchemy.engine.Engine - COMMIT
2026-04-13 10:40:35,254 - [INFO] - sqlalchemy.engine.Engine - select pg_catalog.version()
2026-04-13 10:40:35,254 - [INFO] - sqlalchemy.engine.Engine - [raw sql] ()
2026-04-13 10:40:35,257 - [INFO] - sqlalchemy.engine.Engine - select current_schema()
2026-04-13 10:40:35,257 - [INFO] - sqlalchemy.engine.Engine - [raw sql] ()
2026-04-13 10:40:35,259 - [INFO] - sqlalchemy.engine.Engine - show standard_conforming_strings
2026-04-13 10:40:35,259 - [INFO] - sqlalchemy.engine.Engine - [raw sql] ()
2026-04-13 10:40:35,261 - [INFO] - sqlalchemy.engine.Engine - BEGIN (implicit)
2026-04-13 10:40:35,269 - [INFO] - sqlalchemy.engine.Engine - SELECT pg_catalog.pg_class.relname 
FROM pg_catalog.pg_class JOIN pg_catalog.pg_namespace ON pg_catalog.pg_namespace.oid = pg_catalog.pg_class.relnamespace 
WHERE pg_catalog.pg_class.relname = $1::VARCHAR AND pg_catalog.pg_class.relkind = ANY (ARRAY[$2::VARCHAR, $3::VARCHAR, $4::VARCHAR, $5::VARCHAR, $6::VARCHAR]) AND pg_catalog.pg_table_is_visible(pg_catalog.pg_class.oid) AND pg_catalog.pg_namespace.nspname != $7::VARCHAR
2026-04-13 10:40:35,269 - [INFO] - sqlalchemy.engine.Engine - [generated in 0.00036s] ('books', 'r', 'p', 'f', 'v', 'm', 'pg_catalog')
2026-04-13 10:40:35,280 - [INFO] - sqlalchemy.engine.Engine - COMMIT
2026-04-13 10:43:22,784 - [ERROR] - api_logger - Критична помилка сервера: 'Settings' object has no attribute 'ACCESS_TOKEN_EXPIRE_MINUTES'
Traceback (most recent call last):
  File "C:\Users\User\PycharmProjects\FastApiStudy\app\main.py", line 90, in dispatch
    response = await call_next(request)
               ^^^^^^^^^^^^^^^^^^^^^^^^
  File "C:\Users\User\PycharmProjects\FastApiStudy\.venv\Lib\site-packages\starlette\middleware\base.py", line 168, in call_next
    raise app_exc from app_exc.__cause__ or app_exc.__context__
  File "C:\Users\User\PycharmProjects\FastApiStudy\.venv\Lib\site-packages\starlette\middleware\base.py", line 144, in coro
    await self.app(scope, receive_or_disconnect, send_no_error)
  File "C:\Users\User\PycharmProjects\FastApiStudy\.venv\Lib\site-packages\starlette\middleware\exceptions.py", line 63, in __call__
    await wrap_app_handling_exceptions(self.app, conn)(scope, receive, send)
  File "C:\Users\User\PycharmProjects\FastApiStudy\.venv\Lib\site-packages\starlette\_exception_handler.py", line 53, in wrapped_app
    raise exc
  File "C:\Users\User\PycharmProjects\FastApiStudy\.venv\Lib\site-packages\starlette\_exception_handler.py", line 42, in wrapped_app
    await app(scope, receive, sender)
  File "C:\Users\User\PycharmProjects\FastApiStudy\.venv\Lib\site-packages\fastapi\middleware\asyncexitstack.py", line 18, in __call__
    await self.app(scope, receive, send)
  File "C:\Users\User\PycharmProjects\FastApiStudy\.venv\Lib\site-packages\starlette\routing.py", line 660, in __call__
    await self.middleware_stack(scope, receive, send)
  File "C:\Users\User\PycharmProjects\FastApiStudy\.venv\Lib\site-packages\starlette\routing.py", line 680, in app
    await route.handle(scope, receive, send)
  File "C:\Users\User\PycharmProjects\FastApiStudy\.venv\Lib\site-packages\starlette\routing.py", line 276, in handle
    await self.app(scope, receive, send)
  File "C:\Users\User\PycharmProjects\FastApiStudy\.venv\Lib\site-packages\fastapi\routing.py", line 134, in app
    await wrap_app_handling_exceptions(app, request)(scope, receive, send)
  File "C:\Users\User\PycharmProjects\FastApiStudy\.venv\Lib\site-packages\starlette\_exception_handler.py", line 53, in wrapped_app
    raise exc
  File "C:\Users\User\PycharmProjects\FastApiStudy\.venv\Lib\site-packages\starlette\_exception_handler.py", line 42, in wrapped_app
    await app(scope, receive, sender)
  File "C:\Users\User\PycharmProjects\FastApiStudy\.venv\Lib\site-packages\fastapi\routing.py", line 120, in app
    response = await f(request)
               ^^^^^^^^^^^^^^^^
  File "C:\Users\User\PycharmProjects\FastApiStudy\.venv\Lib\site-packages\fastapi\routing.py", line 674, in app
    raw_response = await run_endpoint_function(
                   ^^^^^^^^^^^^^^^^^^^^^^^^^^^^
    ...<3 lines>...
    )
    ^
  File "C:\Users\User\PycharmProjects\FastApiStudy\.venv\Lib\site-packages\fastapi\routing.py", line 328, in run_endpoint_function
    return await dependant.call(**values)
           ^^^^^^^^^^^^^^^^^^^^^^^^^^^^^^
  File "C:\Users\User\PycharmProjects\FastApiStudy\app\routes\auth_routes.py", line 23, in login
    access_token = security.create_access_token(
        data={"sub": user["username"], "role": user["role"]}
    )
  File "C:\Users\User\PycharmProjects\FastApiStudy\app\core\security.py", line 20, in create_access_token
    expire = datetime.utcnow() + timedelta(minutes=settings.ACCESS_TOKEN_EXPIRE_MINUTES)
                                                   ^^^^^^^^^^^^^^^^^^^^^^^^^^^^^^^^^^^^
  File "C:\Users\User\PycharmProjects\FastApiStudy\.venv\Lib\site-packages\pydantic\main.py", line 1026, in __getattr__
    raise AttributeError(f'{type(self).__name__!r} object has no attribute {item!r}')
AttributeError: 'Settings' object has no attribute 'ACCESS_TOKEN_EXPIRE_MINUTES'
2026-04-13 10:47:31,086 - [INFO] - sqlalchemy.engine.Engine - select pg_catalog.version()
2026-04-13 10:47:31,086 - [INFO] - sqlalchemy.engine.Engine - [raw sql] ()
2026-04-13 10:47:31,088 - [INFO] - sqlalchemy.engine.Engine - select current_schema()
2026-04-13 10:47:31,088 - [INFO] - sqlalchemy.engine.Engine - [raw sql] ()
2026-04-13 10:47:31,089 - [INFO] - sqlalchemy.engine.Engine - show standard_conforming_strings
2026-04-13 10:47:31,089 - [INFO] - sqlalchemy.engine.Engine - [raw sql] ()
2026-04-13 10:47:31,090 - [INFO] - sqlalchemy.engine.Engine - BEGIN (implicit)
2026-04-13 10:47:31,095 - [INFO] - sqlalchemy.engine.Engine - SELECT pg_catalog.pg_class.relname 
FROM pg_catalog.pg_class JOIN pg_catalog.pg_namespace ON pg_catalog.pg_namespace.oid = pg_catalog.pg_class.relnamespace 
WHERE pg_catalog.pg_class.relname = $1::VARCHAR AND pg_catalog.pg_class.relkind = ANY (ARRAY[$2::VARCHAR, $3::VARCHAR, $4::VARCHAR, $5::VARCHAR, $6::VARCHAR]) AND pg_catalog.pg_table_is_visible(pg_catalog.pg_class.oid) AND pg_catalog.pg_namespace.nspname != $7::VARCHAR
2026-04-13 10:47:31,095 - [INFO] - sqlalchemy.engine.Engine - [generated in 0.00023s] ('books', 'r', 'p', 'f', 'v', 'm', 'pg_catalog')
2026-04-13 10:47:31,102 - [INFO] - sqlalchemy.engine.Engine - COMMIT
2026-04-13 10:48:41,182 - [ERROR] - api_logger - Критична помилка сервера: 'Settings' object has no attribute 'ACCESS_TOKEN_EXPIRE_MINUTES'
Traceback (most recent call last):
  File "C:\Users\User\PycharmProjects\FastApiStudy\app\main.py", line 90, in dispatch
    response = await call_next(request)
               ^^^^^^^^^^^^^^^^^^^^^^^^
  File "C:\Users\User\PycharmProjects\FastApiStudy\.venv\Lib\site-packages\starlette\middleware\base.py", line 168, in call_next
    raise app_exc from app_exc.__cause__ or app_exc.__context__
  File "C:\Users\User\PycharmProjects\FastApiStudy\.venv\Lib\site-packages\starlette\middleware\base.py", line 144, in coro
    await self.app(scope, receive_or_disconnect, send_no_error)
  File "C:\Users\User\PycharmProjects\FastApiStudy\.venv\Lib\site-packages\starlette\middleware\exceptions.py", line 63, in __call__
    await wrap_app_handling_exceptions(self.app, conn)(scope, receive, send)
  File "C:\Users\User\PycharmProjects\FastApiStudy\.venv\Lib\site-packages\starlette\_exception_handler.py", line 53, in wrapped_app
    raise exc
  File "C:\Users\User\PycharmProjects\FastApiStudy\.venv\Lib\site-packages\starlette\_exception_handler.py", line 42, in wrapped_app
    await app(scope, receive, sender)
  File "C:\Users\User\PycharmProjects\FastApiStudy\.venv\Lib\site-packages\fastapi\middleware\asyncexitstack.py", line 18, in __call__
    await self.app(scope, receive, send)
  File "C:\Users\User\PycharmProjects\FastApiStudy\.venv\Lib\site-packages\starlette\routing.py", line 660, in __call__
    await self.middleware_stack(scope, receive, send)
  File "C:\Users\User\PycharmProjects\FastApiStudy\.venv\Lib\site-packages\starlette\routing.py", line 680, in app
    await route.handle(scope, receive, send)
  File "C:\Users\User\PycharmProjects\FastApiStudy\.venv\Lib\site-packages\starlette\routing.py", line 276, in handle
    await self.app(scope, receive, send)
  File "C:\Users\User\PycharmProjects\FastApiStudy\.venv\Lib\site-packages\fastapi\routing.py", line 134, in app
    await wrap_app_handling_exceptions(app, request)(scope, receive, send)
  File "C:\Users\User\PycharmProjects\FastApiStudy\.venv\Lib\site-packages\starlette\_exception_handler.py", line 53, in wrapped_app
    raise exc
  File "C:\Users\User\PycharmProjects\FastApiStudy\.venv\Lib\site-packages\starlette\_exception_handler.py", line 42, in wrapped_app
    await app(scope, receive, sender)
  File "C:\Users\User\PycharmProjects\FastApiStudy\.venv\Lib\site-packages\fastapi\routing.py", line 120, in app
    response = await f(request)
               ^^^^^^^^^^^^^^^^
  File "C:\Users\User\PycharmProjects\FastApiStudy\.venv\Lib\site-packages\fastapi\routing.py", line 674, in app
    raw_response = await run_endpoint_function(
                   ^^^^^^^^^^^^^^^^^^^^^^^^^^^^
    ...<3 lines>...
    )
    ^
  File "C:\Users\User\PycharmProjects\FastApiStudy\.venv\Lib\site-packages\fastapi\routing.py", line 328, in run_endpoint_function
    return await dependant.call(**values)
           ^^^^^^^^^^^^^^^^^^^^^^^^^^^^^^
  File "C:\Users\User\PycharmProjects\FastApiStudy\app\routes\auth_routes.py", line 23, in login
    access_token = security.create_access_token(
        data={"sub": user["username"], "role": user["role"]}
    )
  File "C:\Users\User\PycharmProjects\FastApiStudy\app\core\security.py", line 20, in create_access_token
    expire = datetime.utcnow() + timedelta(minutes=settings.ACCESS_TOKEN_EXPIRE_MINUTES)
                                                   ^^^^^^^^^^^^^^^^^^^^^^^^^^^^^^^^^^^^
  File "C:\Users\User\PycharmProjects\FastApiStudy\.venv\Lib\site-packages\pydantic\main.py", line 1026, in __getattr__
    raise AttributeError(f'{type(self).__name__!r} object has no attribute {item!r}')
AttributeError: 'Settings' object has no attribute 'ACCESS_TOKEN_EXPIRE_MINUTES'
2026-04-13 11:22:06,649 - [INFO] - sqlalchemy.engine.Engine - select pg_catalog.version()
2026-04-13 11:22:06,649 - [INFO] - sqlalchemy.engine.Engine - [raw sql] ()
2026-04-13 11:22:06,652 - [INFO] - sqlalchemy.engine.Engine - select current_schema()
2026-04-13 11:22:06,653 - [INFO] - sqlalchemy.engine.Engine - [raw sql] ()
2026-04-13 11:22:06,655 - [INFO] - sqlalchemy.engine.Engine - show standard_conforming_strings
2026-04-13 11:22:06,655 - [INFO] - sqlalchemy.engine.Engine - [raw sql] ()
2026-04-13 11:22:06,656 - [INFO] - sqlalchemy.engine.Engine - BEGIN (implicit)
2026-04-13 11:22:06,664 - [INFO] - sqlalchemy.engine.Engine - SELECT pg_catalog.pg_class.relname 
FROM pg_catalog.pg_class JOIN pg_catalog.pg_namespace ON pg_catalog.pg_namespace.oid = pg_catalog.pg_class.relnamespace 
WHERE pg_catalog.pg_class.relname = $1::VARCHAR AND pg_catalog.pg_class.relkind = ANY (ARRAY[$2::VARCHAR, $3::VARCHAR, $4::VARCHAR, $5::VARCHAR, $6::VARCHAR]) AND pg_catalog.pg_table_is_visible(pg_catalog.pg_class.oid) AND pg_catalog.pg_namespace.nspname != $7::VARCHAR
2026-04-13 11:22:06,665 - [INFO] - sqlalchemy.engine.Engine - [generated in 0.00045s] ('books', 'r', 'p', 'f', 'v', 'm', 'pg_catalog')
2026-04-13 11:22:06,676 - [INFO] - sqlalchemy.engine.Engine - COMMIT
2026-04-14 20:52:47,017 - [INFO] - sqlalchemy.engine.Engine - select pg_catalog.version()
2026-04-14 20:52:47,018 - [INFO] - sqlalchemy.engine.Engine - [raw sql] ()
2026-04-14 20:52:47,040 - [INFO] - sqlalchemy.engine.Engine - select current_schema()
2026-04-14 20:52:47,040 - [INFO] - sqlalchemy.engine.Engine - [raw sql] ()
2026-04-14 20:52:47,045 - [INFO] - sqlalchemy.engine.Engine - show standard_conforming_strings
2026-04-14 20:52:47,046 - [INFO] - sqlalchemy.engine.Engine - [raw sql] ()
2026-04-14 20:52:47,048 - [INFO] - sqlalchemy.engine.Engine - BEGIN (implicit)
2026-04-14 20:52:47,061 - [INFO] - sqlalchemy.engine.Engine - SELECT pg_catalog.pg_class.relname 
FROM pg_catalog.pg_class JOIN pg_catalog.pg_namespace ON pg_catalog.pg_namespace.oid = pg_catalog.pg_class.relnamespace 
WHERE pg_catalog.pg_class.relname = $1::VARCHAR AND pg_catalog.pg_class.relkind = ANY (ARRAY[$2::VARCHAR, $3::VARCHAR, $4::VARCHAR, $5::VARCHAR, $6::VARCHAR]) AND pg_catalog.pg_table_is_visible(pg_catalog.pg_class.oid) AND pg_catalog.pg_namespace.nspname != $7::VARCHAR
2026-04-14 20:52:47,061 - [INFO] - sqlalchemy.engine.Engine - [generated in 0.00062s] ('books', 'r', 'p', 'f', 'v', 'm', 'pg_catalog')
2026-04-14 20:52:47,098 - [INFO] - sqlalchemy.engine.Engine - COMMIT
2026-04-20 09:15:09,934 - [INFO] - sqlalchemy.engine.Engine - select pg_catalog.version()
2026-04-20 09:15:09,935 - [INFO] - sqlalchemy.engine.Engine - [raw sql] ()
2026-04-20 09:15:09,957 - [INFO] - sqlalchemy.engine.Engine - select current_schema()
2026-04-20 09:15:09,957 - [INFO] - sqlalchemy.engine.Engine - [raw sql] ()
2026-04-20 09:15:09,960 - [INFO] - sqlalchemy.engine.Engine - show standard_conforming_strings
2026-04-20 09:15:09,961 - [INFO] - sqlalchemy.engine.Engine - [raw sql] ()
2026-04-20 09:15:09,963 - [INFO] - sqlalchemy.engine.Engine - BEGIN (implicit)
2026-04-20 09:15:09,972 - [INFO] - sqlalchemy.engine.Engine - SELECT pg_catalog.pg_class.relname 
FROM pg_catalog.pg_class JOIN pg_catalog.pg_namespace ON pg_catalog.pg_namespace.oid = pg_catalog.pg_class.relnamespace 
WHERE pg_catalog.pg_class.relname = $1::VARCHAR AND pg_catalog.pg_class.relkind = ANY (ARRAY[$2::VARCHAR, $3::VARCHAR, $4::VARCHAR, $5::VARCHAR, $6::VARCHAR]) AND pg_catalog.pg_table_is_visible(pg_catalog.pg_class.oid) AND pg_catalog.pg_namespace.nspname != $7::VARCHAR
2026-04-20 09:15:09,973 - [INFO] - sqlalchemy.engine.Engine - [generated in 0.00043s] ('books', 'r', 'p', 'f', 'v', 'm', 'pg_catalog')
2026-04-20 09:15:10,004 - [INFO] - sqlalchemy.engine.Engine - COMMIT
